<?xml version="1.0" encoding="UTF-8"?>
<TestRun id="7a8ac046-9999-4510-8ae7-3f99d28e4981" name="Administrator@SERGEYB-PC1 2011-03-19 09:56:25" runUser="SERGEYB-PC1\Administrator" xmlns="http://microsoft.com/schemas/VisualStudio/TeamTest/2010">
  <TestSettings name="Local" id="ac6f50bc-339f-4a13-b837-9adf017d3ab5">
    <Description>These are default test settings for a local test run.</Description>
    <Deployment enabled="false" runDeploymentRoot="Administrator_SERGEYB-PC1 2011-03-19 09_56_25">
      <DeploymentItem filename="C:\Users\Administrator\Documents\Visual Studio 2010\Projects\EFCodeFirstCacheExtensions\packages\EFCodeFirst.0.8\lib\EntityFramework.dll" />
      <DeploymentItem filename="C:\Users\Administrator\Documents\Visual Studio 2010\Projects\EFCodeFirstCacheExtensions\EFCodeFirstCacheExtensions\bin\Debug\EFCodeFirstCacheExtensions.dll" />
    </Deployment>
    <Execution>
      <TestTypeSpecific />
      <AgentRule name="Execution Agents">
      </AgentRule>
    </Execution>
  </TestSettings>
  <Times creation="2011-03-19T09:56:25.8344659-04:00" queuing="2011-03-19T09:56:25.8454666-04:00" start="2011-03-19T09:56:25.9024698-04:00" finish="2011-03-19T09:56:26.6655135-04:00" />
  <ResultSummary outcome="Failed">
    <Counters total="2" executed="2" passed="1" error="0" failed="1" timeout="0" aborted="0" inconclusive="0" passedButRunAborted="0" notRunnable="0" notExecuted="0" disconnected="0" warning="0" completed="0" inProgress="0" pending="0" />
  </ResultSummary>
  <TestDefinitions>
    <UnitTest name="GetOrCreateCacheTest" storage="c:\users\administrator\documents\visual studio 2010\projects\efcodefirstcacheextensions\efcodefirstcache.test\bin\debug\efcodefirstcache.test.dll" id="fd331802-8e90-d66a-9907-d326cf9cb8ec">
      <Execution id="78f915e0-2044-4634-ba63-13143b10312b" />
      <TestMethod codeBase="C:/Users/Administrator/Documents/Visual Studio 2010/Projects/EFCodeFirstCacheExtensions/EFCodeFirstCache.Test/bin/Debug/EFCodeFirstCache.Test.DLL" adapterTypeName="Microsoft.VisualStudio.TestTools.TestTypes.Unit.UnitTestAdapter, Microsoft.VisualStudio.QualityTools.Tips.UnitTest.Adapter, Version=10.0.0.0, Culture=neutral, PublicKeyToken=b03f5f7f11d50a3a" className="EFCodeFirstCache.Test.MemoryCacheProviderTest, EFCodeFirstCache.Test, Version=1.0.0.0, Culture=neutral, PublicKeyToken=null" name="GetOrCreateCacheTest" />
    </UnitTest>
    <UnitTest name="GetOrCreateCacheWithExpirationTest" storage="c:\users\administrator\documents\visual studio 2010\projects\efcodefirstcacheextensions\efcodefirstcache.test\bin\debug\efcodefirstcache.test.dll" id="78cf9dec-73ed-ba0b-d631-8c38b21ebd7b">
      <Execution id="971ba328-eea8-471d-8427-efb0fe801e2b" />
      <TestMethod codeBase="C:/Users/Administrator/Documents/Visual Studio 2010/Projects/EFCodeFirstCacheExtensions/EFCodeFirstCache.Test/bin/Debug/EFCodeFirstCache.Test.DLL" adapterTypeName="Microsoft.VisualStudio.TestTools.TestTypes.Unit.UnitTestAdapter, Microsoft.VisualStudio.QualityTools.Tips.UnitTest.Adapter, Version=10.0.0.0, Culture=neutral, PublicKeyToken=b03f5f7f11d50a3a" className="EFCodeFirstCache.Test.MemoryCacheProviderTest, EFCodeFirstCache.Test, Version=1.0.0.0, Culture=neutral, PublicKeyToken=null" name="GetOrCreateCacheWithExpirationTest" />
    </UnitTest>
  </TestDefinitions>
  <TestLists>
    <TestList name="Results Not in a List" id="8c84fa94-04c1-424b-9868-57a2d4851a1d" />
    <TestList name="All Loaded Results" id="19431567-8539-422a-85d7-44ee4e166bda" />
  </TestLists>
  <TestEntries>
    <TestEntry testId="fd331802-8e90-d66a-9907-d326cf9cb8ec" executionId="78f915e0-2044-4634-ba63-13143b10312b" testListId="8c84fa94-04c1-424b-9868-57a2d4851a1d" />
    <TestEntry testId="78cf9dec-73ed-ba0b-d631-8c38b21ebd7b" executionId="971ba328-eea8-471d-8427-efb0fe801e2b" testListId="8c84fa94-04c1-424b-9868-57a2d4851a1d" />
  </TestEntries>
  <Results>
    <UnitTestResult executionId="78f915e0-2044-4634-ba63-13143b10312b" testId="fd331802-8e90-d66a-9907-d326cf9cb8ec" testName="GetOrCreateCacheTest" computerName="SERGEYB-PC1" duration="00:00:00.3401145" startTime="2011-03-19T09:56:25.9454723-04:00" endTime="2011-03-19T09:56:26.5755083-04:00" testType="13cdc9d9-ddb5-4fa4-a97d-d965ccfc6d4b" outcome="Passed" testListId="8c84fa94-04c1-424b-9868-57a2d4851a1d" relativeResultsDirectory="78f915e0-2044-4634-ba63-13143b10312b">
    </UnitTestResult>
    <UnitTestResult executionId="971ba328-eea8-471d-8427-efb0fe801e2b" testId="78cf9dec-73ed-ba0b-d631-8c38b21ebd7b" testName="GetOrCreateCacheWithExpirationTest" computerName="SERGEYB-PC1" duration="00:00:00.0364632" startTime="2011-03-19T09:56:26.5795085-04:00" endTime="2011-03-19T09:56:26.6225110-04:00" testType="13cdc9d9-ddb5-4fa4-a97d-d965ccfc6d4b" outcome="Failed" testListId="8c84fa94-04c1-424b-9868-57a2d4851a1d" relativeResultsDirectory="971ba328-eea8-471d-8427-efb0fe801e2b">
      <Output>
        <ErrorInfo>
          <Message>Assert.AreEqual failed. Expected:&lt;2&gt;. Actual:&lt;0&gt;. Should have 2 rows</Message>
          <StackTrace>   at EFCodeFirstCache.Test.MemoryCacheProviderTest.GetOrCreateCacheWithExpirationTest() in C:\Users\Administrator\Documents\Visual Studio 2010\Projects\EFCodeFirstCacheExtensions\EFCodeFirstCache.Test\MemoryCacheProviderTest.cs:line 118
</StackTrace>
        </ErrorInfo>
      </Output>
    </UnitTestResult>
  </Results>
</TestRun>